<?xml version="1.0" encoding="UTF-8"?>
<testsuite xmlns:xsi="http://www.w3.org/2001/XMLSchema-instance" xsi:noNamespaceSchemaLocation="https://maven.apache.org/surefire/maven-surefire-plugin/xsd/surefire-test-report.xsd" name="com.example.AppTest" time="0.043" tests="1" errors="0" skipped="0" failures="0">
  <properties>
    <property name="java.specification.version" value="17"/>
    <property name="sun.cpu.isalist" value="amd64"/>
    <property name="sun.jnu.encoding" value="Cp1252"/>
    <property name="java.class.path" value="G:\Coding\Projects\Java\Maven\demo\target\test-classes;G:\Coding\Projects\Java\Maven\demo\target\classes;C:\Users\Danny Fahs\.m2\repository\junit\junit\4.11\junit-4.11.jar;C:\Users\Danny Fahs\.m2\repository\org\hamcrest\hamcrest-core\1.3\hamcrest-core-1.3.jar;C:\Users\Danny Fahs\.m2\repository\com\squareup\okhttp3\okhttp\4.1.0\okhttp-4.1.0.jar;C:\Users\Danny Fahs\.m2\repository\com\squareup\okio\okio\2.2.2\okio-2.2.2.jar;C:\Users\Danny Fahs\.m2\repository\org\jetbrains\kotlin\kotlin-stdlib\1.3.41\kotlin-stdlib-1.3.41.jar;C:\Users\Danny Fahs\.m2\repository\org\jetbrains\kotlin\kotlin-stdlib-common\1.3.41\kotlin-stdlib-common-1.3.41.jar;C:\Users\Danny Fahs\.m2\repository\org\jetbrains\annotations\13.0\annotations-13.0.jar;C:\Users\Danny Fahs\.m2\repository\com\squareup\okhttp\okhttp\2.7.5\okhttp-2.7.5.jar;"/>
    <property name="java.vm.vendor" value="Oracle Corporation"/>
    <property name="sun.arch.data.model" value="64"/>
    <property name="user.variant" value=""/>
    <property name="java.vendor.url" value="https://java.oracle.com/"/>
    <property name="user.timezone" value="Europe/Berlin"/>
    <property name="os.name" value="Windows 11"/>
    <property name="java.vm.specification.version" value="17"/>
    <property name="sun.java.launcher" value="SUN_STANDARD"/>
    <property name="user.country" value="DE"/>
    <property name="sun.boot.library.path" value="C:\Program Files\Java\jdk-17\bin"/>
    <property name="sun.java.command" value="C:\Users\DANNYF~1\AppData\Local\Temp\surefire9469833693915005960\surefirebooter3439769528253703769.jar C:\Users\Danny Fahs\AppData\Local\Temp\surefire9469833693915005960 2023-05-09T23-00-05_468-jvmRun1 surefire11522335403898247682tmp surefire_05440617284873515634tmp"/>
    <property name="jdk.debug" value="release"/>
    <property name="surefire.test.class.path" value="G:\Coding\Projects\Java\Maven\demo\target\test-classes;G:\Coding\Projects\Java\Maven\demo\target\classes;C:\Users\Danny Fahs\.m2\repository\junit\junit\4.11\junit-4.11.jar;C:\Users\Danny Fahs\.m2\repository\org\hamcrest\hamcrest-core\1.3\hamcrest-core-1.3.jar;C:\Users\Danny Fahs\.m2\repository\com\squareup\okhttp3\okhttp\4.1.0\okhttp-4.1.0.jar;C:\Users\Danny Fahs\.m2\repository\com\squareup\okio\okio\2.2.2\okio-2.2.2.jar;C:\Users\Danny Fahs\.m2\repository\org\jetbrains\kotlin\kotlin-stdlib\1.3.41\kotlin-stdlib-1.3.41.jar;C:\Users\Danny Fahs\.m2\repository\org\jetbrains\kotlin\kotlin-stdlib-common\1.3.41\kotlin-stdlib-common-1.3.41.jar;C:\Users\Danny Fahs\.m2\repository\org\jetbrains\annotations\13.0\annotations-13.0.jar;C:\Users\Danny Fahs\.m2\repository\com\squareup\okhttp\okhttp\2.7.5\okhttp-2.7.5.jar;"/>
    <property name="sun.cpu.endian" value="little"/>
    <property name="user.home" value="C:\Users\Danny Fahs"/>
    <property name="user.language" value="de"/>
    <property name="java.specification.vendor" value="Oracle Corporation"/>
    <property name="java.version.date" value="2023-04-18"/>
    <property name="java.home" value="C:\Program Files\Java\jdk-17"/>
    <property name="file.separator" value="\"/>
    <property name="basedir" value="G:\Coding\Projects\Java\Maven\demo"/>
    <property name="java.vm.compressedOopsMode" value="Zero based"/>
    <property name="line.separator" value="&#10;"/>
    <property name="java.vm.specification.vendor" value="Oracle Corporation"/>
    <property name="java.specification.name" value="Java Platform API Specification"/>
    <property name="surefire.real.class.path" value="C:\Users\DANNYF~1\AppData\Local\Temp\surefire9469833693915005960\surefirebooter3439769528253703769.jar"/>
    <property name="user.script" value=""/>
    <property name="sun.management.compiler" value="HotSpot 64-Bit Tiered Compilers"/>
    <property name="java.runtime.version" value="17.0.7+8-LTS-224"/>
    <property name="user.name" value="Danny Fahs"/>
    <property name="path.separator" value=";"/>
    <property name="os.version" value="10.0"/>
    <property name="java.runtime.name" value="Java(TM) SE Runtime Environment"/>
    <property name="file.encoding" value="Cp1252"/>
    <property name="java.vm.name" value="Java HotSpot(TM) 64-Bit Server VM"/>
    <property name="localRepository" value="C:\Users\Danny Fahs\.m2\repository"/>
    <property name="java.vendor.url.bug" value="https://bugreport.java.com/bugreport/"/>
    <property name="java.io.tmpdir" value="C:\Users\DANNYF~1\AppData\Local\Temp\"/>
    <property name="java.version" value="17.0.7"/>
    <property name="user.dir" value="G:\Coding\Projects\Java\Maven\demo"/>
    <property name="os.arch" value="amd64"/>
    <property name="java.vm.specification.name" value="Java Virtual Machine Specification"/>
    <property name="sun.os.patch.level" value=""/>
    <property name="native.encoding" value="Cp1252"/>
    <property name="java.library.path" value="C:\Program Files\Java\jdk-17\bin;C:\WINDOWS\Sun\Java\bin;C:\WINDOWS\system32;C:\WINDOWS;C:\Program Files\Eclipse Adoptium\jdk-17.0.7.7-hotspot\bin;C:\Program Files\Common Files\Oracle\Java\javapath;C:\windows\system32;C:\windows;C:\windows\System32\Wbem;C:\windows\System32\WindowsPowerShell\v1.0\;C:\windows\System32\OpenSSH\;C:\Program Files (x86)\Intel\Intel(R) Management Engine Components\DAL;C:\Program Files\Intel\Intel(R) Management Engine Components\DAL;C:\Program Files (x86)\Intel\Intel(R) Management Engine Components\IPT;C:\Program Files\Intel\Intel(R) Management Engine Components\IPT;C:\Program Files (x86)\NVIDIA Corporation\PhysX\Common;C:\WINDOWS\system32;C:\WINDOWS;C:\WINDOWS\System32\Wbem;C:\WINDOWS\System32\WindowsPowerShell\v1.0\;C:\WINDOWS\System32\OpenSSH\;C:\Program Files\dotnet\;C:\Program Files\PuTTY\;C:\Users\Danny Fahs\.m2\wrapper\dists\apache-maven-3.6.3-bin\1iopthnavndlasol9gbrbg6bf2\apache-maven-3.6.3\bin;C:\Users\Danny Fahs\AppData\Local\Microsoft\WindowsApps;G:\Microsoft VS Code\bin;C:\Users\Danny Fahs\.dotnet\tools;."/>
    <property name="java.vm.info" value="mixed mode, sharing"/>
    <property name="java.vendor" value="Oracle Corporation"/>
    <property name="java.vm.version" value="17.0.7+8-LTS-224"/>
    <property name="sun.io.unicode.encoding" value="UnicodeLittle"/>
    <property name="java.class.version" value="61.0"/>
  </properties>
  <testcase name="shouldAnswerWithTrue" classname="com.example.AppTest" time="0.002"/>
</testsuite>